\BOOKMARK [0][-]{chapter.1}{\376\377\000I\000n\000t\000r\000o\000d\000u\000c\000t\000i\000o\000n}{}% 1
\BOOKMARK [1][-]{section.1.1}{\376\377\000D\000e\000p\000e\000n\000d\000e\000n\000c\000i\000e\000s\000:}{chapter.1}% 2
\BOOKMARK [1][-]{section.1.2}{\376\377\000I\000n\000s\000t\000a\000l\000l\000a\000t\000i\000o\000n}{chapter.1}% 3
\BOOKMARK [0][-]{chapter.2}{\376\377\000D\000a\000t\000a\000\040\000C\000o\000n\000t\000a\000i\000n\000e\000r\000s\000\040\000M\000o\000d\000u\000l\000e}{}% 4
\BOOKMARK [1][-]{section.2.1}{\376\377\000D\000e\000t\000e\000c\000t\000i\000o\000n\000P\000o\000i\000n\000t}{chapter.2}% 5
\BOOKMARK [1][-]{section.2.2}{\376\377\000R\000e\000f\000e\000r\000e\000n\000c\000e\000P\000o\000i\000n\000t}{chapter.2}% 6
\BOOKMARK [1][-]{section.2.3}{\376\377\000T\000r\000a\000c\000k\000P\000o\000i\000n\000t}{chapter.2}% 7
\BOOKMARK [1][-]{section.2.4}{\376\377\000D\000e\000t\000e\000c\000t\000i\000o\000n\000L\000i\000s\000t}{chapter.2}% 8
\BOOKMARK [1][-]{section.2.5}{\376\377\000U\000n\000A\000s\000s\000i\000g\000n\000e\000d\000D\000e\000t\000e\000c\000t\000i\000o\000n\000L\000i\000s\000t}{chapter.2}% 9
\BOOKMARK [1][-]{section.2.6}{\376\377\000T\000r\000a\000c\000k}{chapter.2}% 10
\BOOKMARK [0][-]{chapter.3}{\376\377\000T\000r\000a\000c\000k\000\040\000M\000a\000n\000a\000g\000e\000m\000e\000n\000t\000\040\000M\000o\000d\000u\000l\000e}{}% 11
\BOOKMARK [1][-]{section.3.1}{\376\377\000T\000r\000a\000c\000k\000M\000a\000n\000a\000g\000e\000r}{chapter.3}% 12
\BOOKMARK [0][-]{chapter.4}{\376\377\000T\000r\000a\000c\000k\000i\000n\000g\000\040\000F\000i\000l\000t\000e\000r\000s\000\040\000M\000o\000d\000u\000l\000e}{}% 13
\BOOKMARK [1][-]{section.4.1}{\376\377\000T\000r\000a\000c\000k\000i\000n\000g\000\040\000F\000i\000l\000t\000e\000r}{chapter.4}% 14
\BOOKMARK [1][-]{section.4.2}{\376\377\000K\000a\000l\000m\000a\000n\000\040\000F\000i\000l\000t\000e\000r}{chapter.4}% 15
\BOOKMARK [0][-]{chapter.5}{\376\377\000R\000a\000d\000a\000r\000\040\000P\000l\000o\000t\000s\000\040\000M\000o\000d\000u\000l\000e}{}% 16
\BOOKMARK [1][-]{section.5.1}{\376\377\000s\000t\000a\000t\000i\000c\000\137\000p\000l\000o\000t\000\137\000g\000r\000i\000d\000\137\000h\000i\000s\000t\000\137\000s\000e\000l\000e\000c\000t\000i\000o\000n\000s}{chapter.5}% 17
\BOOKMARK [1][-]{section.5.2}{\376\377\000s\000t\000a\000t\000i\000c\000\137\000p\000l\000o\000t\000\137\000s\000e\000l\000e\000c\000t\000i\000o\000n\000s}{chapter.5}% 18
\BOOKMARK [1][-]{section.5.3}{\376\377\000s\000t\000a\000t\000i\000c\000\137\000p\000l\000o\000t\000R\000E\000F\000\137\000s\000e\000l\000e\000c\000t\000i\000o\000n\000s\000\040\000m\000o\000d\000u\000l\000e}{chapter.5}% 19
\BOOKMARK [0][-]{chapter.6}{\376\377\000U\000t\000i\000l\000i\000t\000i\000e\000s\000\040\000P\000a\000c\000k\000a\000g\000e}{}% 20
\BOOKMARK [0][-]{chapter.7}{\376\377\000I\000n\000d\000i\000c\000e\000s\000\040\000a\000n\000d\000\040\000t\000a\000b\000l\000e\000s}{}% 21
\BOOKMARK [0][-]{section*.25}{\376\377\000P\000y\000t\000h\000o\000n\000\040\000M\000o\000d\000u\000l\000e\000\040\000I\000n\000d\000e\000x}{}% 22
\BOOKMARK [0][-]{section*.26}{\376\377\000I\000n\000d\000e\000x}{}% 23
